TN:
SF:src/modules/tools/services/CreateToolService.ts
FN:19,(anonymous_19)
FN:20,CreateToolService
FN:28,(anonymous_21)
FN:40,(anonymous_24)
FN:42,(anonymous_25)
FN:50,(anonymous_26)
FNF:6
FNH:6
FNDA:4,(anonymous_19)
FNDA:7,CreateToolService
FNDA:8,(anonymous_21)
FNDA:6,(anonymous_24)
FNDA:7,(anonymous_25)
FNDA:1,(anonymous_26)
DA:1,4
DA:3,4
DA:19,4
DA:22,7
DA:25,7
DA:28,4
DA:29,8
DA:30,8
DA:31,8
DA:32,8
DA:34,8
DA:36,8
DA:38,7
DA:40,7
DA:42,7
DA:43,7
DA:45,1
DA:48,7
DA:50,7
DA:51,1
DA:53,1
DA:56,7
DA:58,7
DA:65,7
DA:67,4
DA:69,4
LF:26
LH:26
BRDA:34,0,0,8
BRDA:36,1,0,1
BRDA:36,1,1,7
BRDA:43,2,0,6
BRDA:43,2,1,1
BRF:5
BRH:5
end_of_record
TN:
SF:src/modules/tools/services/DeleteToolService.ts
FN:6,(anonymous_18)
FN:7,DeleteToolService
FN:12,(anonymous_20)
FNF:3
FNH:3
FNDA:1,(anonymous_18)
FNDA:2,DeleteToolService
FNDA:2,(anonymous_20)
DA:1,1
DA:2,1
DA:6,1
DA:9,2
DA:12,1
DA:13,2
DA:15,2
DA:17,1
DA:19,1
DA:21,1
DA:23,1
LF:11
LH:11
BRDA:13,0,0,2
BRDA:15,1,0,1
BRDA:15,1,1,1
BRF:3
BRH:3
end_of_record
TN:
SF:src/modules/tools/services/GetToolByTagService.ts
FN:13,(anonymous_18)
FN:14,GetToolByTagService
FN:21,(anonymous_20)
FN:33,(anonymous_23)
FNF:4
FNH:4
FNDA:1,(anonymous_18)
FNDA:2,GetToolByTagService
FNDA:2,(anonymous_20)
FNDA:1,(anonymous_23)
DA:1,1
DA:2,1
DA:13,1
DA:16,2
DA:18,2
DA:21,2
DA:22,2
DA:24,2
DA:26,1
DA:28,1
DA:30,1
DA:32,2
DA:33,1
DA:34,1
DA:36,1
DA:40,1
DA:42,1
DA:44,1
LF:18
LH:18
BRDA:22,0,0,2
BRDA:24,1,0,1
BRDA:24,1,1,1
BRDA:34,2,0,1
BRF:4
BRH:4
end_of_record
TN:
SF:src/modules/tools/services/ListAllToolsService.ts
FN:7,(anonymous_17)
FN:8,ListAllToolsService
FN:13,(anonymous_19)
FNF:3
FNH:3
FNDA:1,(anonymous_17)
FNDA:1,ListAllToolsService
FNDA:1,(anonymous_19)
DA:1,1
DA:7,1
DA:10,1
DA:13,1
DA:14,1
DA:16,1
DA:18,1
DA:20,1
LF:8
LH:8
BRDA:14,0,0,1
BRF:1
BRH:1
end_of_record
TN:
SF:src/modules/users/services/AuthenticateUserService.ts
FN:23,(anonymous_18)
FN:24,AuthenticateUserService
FN:31,(anonymous_20)
FNF:3
FNH:3
FNDA:1,(anonymous_18)
FNDA:3,AuthenticateUserService
FNDA:3,(anonymous_20)
DA:1,1
DA:2,1
DA:4,1
DA:6,1
DA:23,1
DA:26,3
DA:28,3
DA:31,3
DA:32,3
DA:34,3
DA:36,2
DA:41,2
DA:42,1
DA:44,1
DA:46,1
DA:51,1
DA:53,1
DA:55,1
LF:18
LH:18
BRDA:32,0,0,3
BRDA:34,1,0,1
BRDA:34,1,1,2
BRDA:41,2,0,1
BRDA:41,2,1,1
BRF:5
BRH:5
end_of_record
TN:
SF:src/modules/users/services/CreateUserService.ts
FN:12,(anonymous_18)
FN:13,CreateUserService
FN:21,(anonymous_20)
FNF:3
FNH:3
FNDA:2,(anonymous_18)
FNDA:5,CreateUserService
FNDA:5,(anonymous_20)
DA:1,2
DA:3,2
DA:12,2
DA:15,5
DA:18,5
DA:21,5
DA:22,5
DA:24,5
DA:26,4
DA:30,4
DA:36,4
DA:38,2
DA:40,2
LF:13
LH:13
BRDA:22,0,0,5
BRDA:24,1,0,1
BRDA:24,1,1,4
BRF:3
BRH:3
end_of_record
