TN:
SF:src/modules/tools/services/CreateToolService.ts
FN:19,(anonymous_19)
FN:20,CreateToolService
FN:28,(anonymous_21)
FN:40,(anonymous_24)
FN:42,(anonymous_25)
FN:50,(anonymous_26)
FNF:6
FNH:0
FNDA:0,(anonymous_19)
FNDA:0,CreateToolService
FNDA:0,(anonymous_21)
FNDA:0,(anonymous_24)
FNDA:0,(anonymous_25)
FNDA:0,(anonymous_26)
DA:1,0
DA:3,0
DA:19,0
DA:22,0
DA:25,0
DA:28,0
DA:29,0
DA:30,0
DA:31,0
DA:32,0
DA:34,0
DA:36,0
DA:38,0
DA:40,0
DA:42,0
DA:43,0
DA:45,0
DA:48,0
DA:50,0
DA:51,0
DA:53,0
DA:56,0
DA:58,0
DA:65,0
DA:67,0
DA:69,0
LF:26
LH:0
BRDA:34,0,0,0
BRDA:36,1,0,0
BRDA:36,1,1,0
BRDA:43,2,0,0
BRDA:43,2,1,0
BRF:5
BRH:0
end_of_record
TN:
SF:src/modules/tools/services/DeleteToolService.ts
FN:6,(anonymous_18)
FN:7,DeleteToolService
FN:12,(anonymous_20)
FNF:3
FNH:0
FNDA:0,(anonymous_18)
FNDA:0,DeleteToolService
FNDA:0,(anonymous_20)
DA:1,0
DA:2,0
DA:6,0
DA:9,0
DA:12,0
DA:13,0
DA:15,0
DA:17,0
DA:19,0
DA:21,0
DA:23,0
LF:11
LH:0
BRDA:13,0,0,0
BRDA:15,1,0,0
BRDA:15,1,1,0
BRF:3
BRH:0
end_of_record
TN:
SF:src/modules/tools/services/GetToolByTagService.ts
FN:13,(anonymous_18)
FN:14,GetToolByTagService
FN:21,(anonymous_20)
FN:33,(anonymous_23)
FNF:4
FNH:0
FNDA:0,(anonymous_18)
FNDA:0,GetToolByTagService
FNDA:0,(anonymous_20)
FNDA:0,(anonymous_23)
DA:1,0
DA:2,0
DA:13,0
DA:16,0
DA:18,0
DA:21,0
DA:22,0
DA:24,0
DA:26,0
DA:28,0
DA:30,0
DA:32,0
DA:33,0
DA:34,0
DA:36,0
DA:40,0
DA:42,0
DA:44,0
LF:18
LH:0
BRDA:22,0,0,0
BRDA:24,1,0,0
BRDA:24,1,1,0
BRDA:34,2,0,0
BRF:4
BRH:0
end_of_record
TN:
SF:src/modules/tools/services/ListAllToolsService.ts
FN:7,(anonymous_17)
FN:8,ListAllToolsService
FN:13,(anonymous_19)
FNF:3
FNH:0
FNDA:0,(anonymous_17)
FNDA:0,ListAllToolsService
FNDA:0,(anonymous_19)
DA:1,0
DA:7,0
DA:10,0
DA:13,0
DA:14,0
DA:16,0
DA:18,0
DA:20,0
LF:8
LH:0
BRDA:14,0,0,0
BRF:1
BRH:0
end_of_record
TN:
SF:src/modules/users/services/AuthenticateUserService.ts
FN:23,(anonymous_18)
FN:24,AuthenticateUserService
FN:31,(anonymous_20)
FNF:3
FNH:3
FNDA:1,(anonymous_18)
FNDA:3,AuthenticateUserService
FNDA:3,(anonymous_20)
DA:1,1
DA:2,1
DA:4,1
DA:6,1
DA:23,1
DA:26,3
DA:28,3
DA:31,3
DA:32,3
DA:34,3
DA:36,2
DA:41,2
DA:42,1
DA:44,1
DA:46,1
DA:51,1
DA:53,1
DA:55,1
LF:18
LH:18
BRDA:32,0,0,3
BRDA:34,1,0,1
BRDA:34,1,1,2
BRDA:41,2,0,1
BRDA:41,2,1,1
BRF:5
BRH:5
end_of_record
TN:
SF:src/modules/users/services/CreateUserService.ts
FN:12,(anonymous_18)
FN:13,CreateUserService
FN:21,(anonymous_20)
FNF:3
FNH:3
FNDA:2,(anonymous_18)
FNDA:5,CreateUserService
FNDA:5,(anonymous_20)
DA:1,2
DA:3,2
DA:12,2
DA:15,5
DA:18,5
DA:21,5
DA:22,5
DA:24,5
DA:26,4
DA:30,4
DA:36,4
DA:38,2
DA:40,2
LF:13
LH:13
BRDA:22,0,0,5
BRDA:24,1,0,1
BRDA:24,1,1,4
BRF:3
BRH:3
end_of_record
